<?xml version="1.0" encoding="UTF-8"?>
<!-- Generated by org.testng.reporters.JUnitXMLReporter -->
<testsuite ignored="0" hostname="LTI-4D6JVT2" failures="0" tests="5" name="TestSets1" time="0.053" errors="0" timestamp="2020-04-08T23:59:32 CDT">
  <testcase classname="YBAPP.MultiThreadingex" name="test1" time="0.01"/>
  <testcase classname="YBAPP.MultiThreadingex" name="test2" time="0.01"/>
  <testcase classname="YBAPP.MultiThreadingex" name="test1" time="0.011"/>
  <testcase classname="YBAPP.MultiThreadingex" name="test2" time="0.011"/>
  <testcase classname="YBAPP.MultiThreadingex" name="test3" time="0.002"/>
</testsuite> <!-- TestSets1 -->
