<?xml version="1.0" encoding="UTF-8"?>
<!-- Generated by org.testng.reporters.JUnitXMLReporter -->
<testsuite ignored="0" hostname="LTI-4D6JVT2" failures="0" tests="4" name="Default test" time="0.05" errors="0" timestamp="2020-04-08T23:46:45 CDT">
  <testcase classname="YBAPP.parellelTesting" name="test1" time="0.012"/>
  <testcase classname="YBAPP.parellelTesting" name="test1" time="0.012"/>
  <testcase classname="YBAPP.parellelTesting" name="test2" time="0.0"/>
  <testcase classname="YBAPP.parellelTesting" name="test3" time="0.001"/>
</testsuite> <!-- Default test -->
