<?xml version="1.0" encoding="UTF-8"?>
<!-- Generated by org.testng.reporters.JUnitXMLReporter -->
<testsuite hostname="HOMESERVER9900" ignored="0" name="Test" tests="36" failures="0" timestamp="2020-04-14T20:46:52 CDT" time="0.339" errors="0">
  <testcase name="step1" time="0.01" classname="YBAPP.testng"/>
  <testcase name="step4" time="0.001" classname="YBAPP.testng"/>
  <testcase name="size7and8" time="0.003" classname="YBAPP.testngxmlTraditional"/>
  <testcase name="size9" time="0.002" classname="YBAPP.testngxmlTraditional"/>
  <testcase name="traditional2" time="0.002" classname="YBAPP.testngxmlTraditional"/>
  <testcase name="test1" time="0.013" classname="YBAPP.MultiThreadingex"/>
  <testcase name="test1" time="0.014" classname="YBAPP.MultiThreadingex"/>
  <testcase name="test2" time="0.003" classname="YBAPP.MultiThreadingex"/>
  <testcase name="test2" time="0.002" classname="YBAPP.MultiThreadingex"/>
  <testcase name="test3" time="0.003" classname="YBAPP.MultiThreadingex"/>
  <testcase name="testcase1" time="0.004" classname="YBAPP.useListnerinClass"/>
  <testcase name="test1" time="0.001" classname="YBAPP.parellelTesting"/>
  <testcase name="test2" time="0.002" classname="YBAPP.parellelTesting"/>
  <testcase name="test3" time="0.001" classname="YBAPP.parellelTesting"/>
  <testcase name="Size8" time="0.013" classname="YBAPP.testngxmlcutout"/>
  <testcase name="cutout1" time="0.006" classname="YBAPP.testngxmlcutout"/>
  <testcase name="cutout2" time="0.002" classname="YBAPP.testngxmlcutout"/>
  <testcase name="size7" time="0.002" classname="YBAPP.testngxmlcutout"/>
  <testcase name="OverviewSectionTestcase" time="0.001" classname="YBAPP.MainPage"/>
  <testcase name="OverviewSectionTestcase" time="0.002" classname="YBAPP.MainPage"/>
  <testcase name="OverviewSectionTestcase" time="0.008" classname="YBAPP.MainPage"/>
  <testcase name="OverviewSectionTestcase" time="0.004" classname="YBAPP.MainPage"/>
  <testcase name="dashBoardTestcase" time="0.002" classname="YBAPP.MainPage"/>
  <testcase name="dashBoardTestcase" time="0.001" classname="YBAPP.MainPage"/>
  <testcase name="dashBoardTestcase" time="0.002" classname="YBAPP.MainPage"/>
  <testcase name="dashBoardTestcase" time="0.001" classname="YBAPP.MainPage"/>
  <testcase name="OriginalEvent1920" time="0.001" classname="FOWAPP.OriginalEvent"/>
  <testcase name="OriginalEvent2021" time="0.002" classname="FOWAPP.OriginalEvent"/>
  <testcase name="Image1" time="0.001" classname="YBAPP.testngxmlcanvaseImage"/>
  <testcase name="Image2" time="0.002" classname="YBAPP.testngxmlcanvaseImage"/>
  <testcase name="canvas1" time="0.003" classname="YBAPP.testngxmlcanvaseImage"/>
  <testcase name="canvas2" time="0.005" classname="YBAPP.testngxmlcanvaseImage"/>
  <testcase name="RetakeEvent1920" time="0.001" classname="FOWAPP.RetakeEvent"/>
  <testcase name="RetakeEvent2021" time="0.002" classname="FOWAPP.RetakeEvent"/>
  <testcase name="SupplementEvents1920" time="0.008" classname="FOWAPP.SupplementEvents"/>
  <testcase name="SupplementEvents2021" time="0.001" classname="FOWAPP.SupplementEvents"/>
</testsuite> <!-- Test -->
